c:\users\최현산\source\repos\dx11 engine proj\dx11 engine proj\debug\vc142.pdb
c:\users\최현산\source\repos\dx11 engine proj\dx11 engine proj\debug\vc142.idb
c:\users\최현산\source\repos\dx11 engine proj\dx11 engine proj\debug\main.obj
c:\users\최현산\desktop\directxproj\dx11 engine proj\dx11 engine proj\debug\vc142.pdb
c:\users\최현산\desktop\directxproj\dx11 engine proj\dx11 engine proj\debug\vc142.idb
c:\users\최현산\desktop\directxproj\dx11 engine proj\dx11 engine proj\debug\stringconverter.obj
c:\users\최현산\desktop\directxproj\dx11 engine proj\dx11 engine proj\debug\main.obj
c:\users\최현산\desktop\directxproj\dx11 engine proj\dx11 engine proj\debug\errorlogger.obj
c:\users\최현산\desktop\directxproj\dx11 engine proj\dx11 engine proj\debug\renderwindow.obj
c:\users\최현산\source\repos\dx11 engine proj\dx11 engine proj\debug\dx11 engine proj.ilk
c:\users\최현산\source\repos\dx11 engine proj\debug\dx11 engine proj.exe
c:\users\최현산\source\repos\dx11 engine proj\debug\dx11 engine proj.pdb
c:\users\최현산\desktop\directxproj\dx11 engine proj\debug\dx11 engine proj.exe
c:\users\최현산\desktop\directxproj\dx11 engine proj\dx11 engine proj\debug\dx11 engine proj.ilk
c:\users\최현산\desktop\directxproj\dx11 engine proj\debug\dx11 engine proj.pdb
c:\users\최현산\desktop\directxproj\dx11 engine proj\dx11 engine proj\debug\dx11 engine proj.tlog\cl.command.1.tlog
c:\users\최현산\desktop\directxproj\dx11 engine proj\dx11 engine proj\debug\dx11 engine proj.tlog\cl.read.1.tlog
c:\users\최현산\desktop\directxproj\dx11 engine proj\dx11 engine proj\debug\dx11 engine proj.tlog\cl.write.1.tlog
c:\users\최현산\desktop\directxproj\dx11 engine proj\dx11 engine proj\debug\dx11 engine proj.tlog\link.command.1.tlog
c:\users\최현산\desktop\directxproj\dx11 engine proj\dx11 engine proj\debug\dx11 engine proj.tlog\link.read.1.tlog
c:\users\최현산\desktop\directxproj\dx11 engine proj\dx11 engine proj\debug\dx11 engine proj.tlog\link.write.1.tlog
